2025-05-05T15:42:34+03:00 🔍 ВХОД: sendNotification(user=2, msg=Ваш заказ #62 подтверждён: Хасавюрт → Электросталь)
2025-05-05T15:42:34+03:00 📌 INSERT INTO notifications...
2025-05-05T15:42:34+03:00 📌 INSERT INTO user_notifications...
2025-05-05T15:42:34+03:00 ✅ УСПЕХ: уведомление отправлено user=2, notifId=1
2025-05-06T02:51:20+03:00 🔍 ВХОД: sendNotification(user=2, msg=🎉 Ваша заявка #63 успешно создана)
2025-05-06T02:51:20+03:00 📌 INSERT INTO notifications...
2025-05-06T02:51:20+03:00 📌 INSERT INTO user_notifications...
2025-05-06T02:51:20+03:00 ✅ УСПЕХ: уведомление отправлено user=2, notifId=2
2025-05-11T16:26:59+03:00 🔍 ВХОД: sendNotification(user=2, msg=🎉 Ваша заявка #74 успешно создана)
2025-05-11T16:26:59+03:00 📌 INSERT INTO notifications...
2025-05-11T16:26:59+03:00 📌 INSERT INTO user_notifications...
2025-05-11T16:26:59+03:00 ✅ УСПЕХ: уведомление отправлено user=2, notifId=13
2025-05-18T19:32:20+03:00 🔍 ВХОД: sendNotification(user=2, msg=🎉 Ваша заявка #75 успешно создана)
2025-05-18T19:32:20+03:00 📌 INSERT INTO notifications...
2025-05-18T19:32:20+03:00 📌 INSERT INTO user_notifications...
2025-05-18T19:32:20+03:00 ✅ УСПЕХ: уведомление отправлено user=2, notifId=14
2025-05-19T14:44:13+03:00 🔍 ВХОД: sendNotification(user=2, msg=🎉 Ваша заявка #78 успешно создана)
2025-05-19T14:44:13+03:00 📌 INSERT INTO notifications...
2025-05-19T14:44:13+03:00 📌 INSERT INTO user_notifications...
2025-05-19T14:44:13+03:00 ✅ УСПЕХ: уведомление отправлено user=2, notifId=17
2025-05-20T14:01:52+03:00 🔍 ВХОД: sendNotification(user=2, msg=🎉 Ваша заявка #79 успешно создана)
2025-05-20T14:01:52+03:00 📌 INSERT INTO notifications...
2025-05-20T14:01:52+03:00 📌 INSERT INTO user_notifications...
2025-05-20T14:01:52+03:00 ✅ УСПЕХ: уведомление отправлено user=2, notifId=18
2025-05-20T14:04:02+03:00 🔍 ВХОД: sendNotification(user=2, msg=🎉 Ваша заявка #80 успешно создана)
2025-05-20T14:04:02+03:00 📌 INSERT INTO notifications...
2025-05-20T14:04:02+03:00 📌 INSERT INTO user_notifications...
2025-05-20T14:04:02+03:00 ✅ УСПЕХ: уведомление отправлено user=2, notifId=19
2025-05-20T20:31:02+03:00 🔍 ВХОД: sendNotification(user=9, msg=🎉 Ваша заявка #81 успешно создана)
2025-05-20T20:31:02+03:00 📌 INSERT INTO notifications...
2025-05-20T20:31:02+03:00 📌 INSERT INTO user_notifications...
2025-05-20T20:31:02+03:00 ✅ УСПЕХ: уведомление отправлено user=9, notifId=20
2025-05-22T17:49:52+03:00 🔍 ВХОД: sendNotification(user=3, msg=🎉 Ваша заявка #82 успешно создана)
2025-05-22T17:49:52+03:00 📌 INSERT INTO notifications...
2025-05-22T17:49:52+03:00 📌 INSERT INTO user_notifications...
2025-05-22T17:49:52+03:00 ✅ УСПЕХ: уведомление отправлено user=3, notifId=21
2025-05-22T17:50:06+03:00 🔍 ВХОД: sendNotification(user=3, msg=🎉 Ваша заявка #83 успешно создана)
2025-05-22T17:50:06+03:00 📌 INSERT INTO notifications...
2025-05-22T17:50:06+03:00 📌 INSERT INTO user_notifications...
2025-05-22T17:50:06+03:00 ✅ УСПЕХ: уведомление отправлено user=3, notifId=22
2025-05-22T18:04:50+03:00 🔍 ВХОД: sendNotification(user=3, msg=🎉 Ваша заявка #84 успешно создана)
2025-05-22T18:04:50+03:00 📌 INSERT INTO notifications...
2025-05-22T18:04:50+03:00 📌 INSERT INTO user_notifications...
2025-05-22T18:04:50+03:00 ✅ УСПЕХ: уведомление отправлено user=3, notifId=23
2025-05-22T18:25:20+03:00 🔍 ВХОД: sendNotification(user=3, msg=🎉 Ваша заявка #85 успешно создана)
2025-05-22T18:25:20+03:00 📌 INSERT INTO notifications...
2025-05-22T18:25:20+03:00 📌 INSERT INTO user_notifications...
2025-05-22T18:25:20+03:00 ✅ УСПЕХ: уведомление отправлено user=3, notifId=24
2025-05-22T18:26:54+03:00 🔍 ВХОД: sendNotification(user=3, msg=Ваш заказ #85 подтверждён: Хасавюрт → Тула)
2025-05-22T18:26:54+03:00 📌 INSERT INTO notifications...
2025-05-22T18:26:54+03:00 📌 INSERT INTO user_notifications...
2025-05-22T18:26:54+03:00 ✅ УСПЕХ: уведомление отправлено user=3, notifId=25
2025-05-22T23:22:02+03:00 🔍 ВХОД: sendNotification(user=2, msg=🎉 Ваша заявка #86 успешно создана)
2025-05-22T23:22:02+03:00 📌 INSERT INTO notifications...
2025-05-22T23:22:02+03:00 📌 INSERT INTO user_notifications...
2025-05-22T23:22:02+03:00 ✅ УСПЕХ: уведомление отправлено user=2, notifId=26
2025-05-23T10:57:12+03:00 🔍 ВХОД: sendNotification(user=3, msg=🎉 Ваша заявка #87 успешно создана)
2025-05-23T10:57:12+03:00 📌 INSERT INTO notifications...
2025-05-23T10:57:12+03:00 📌 INSERT INTO user_notifications...
2025-05-23T10:57:12+03:00 ✅ УСПЕХ: уведомление отправлено user=3, notifId=27
2025-05-31T12:36:34+03:00 🔍 sendNotification(user=1, msg=🎉 Ваша заявка #88 успешно создана)
2025-05-31T12:36:34+03:00 ✅ УСПЕХ: user=1, notifId=28
2025-06-01T14:57:48+03:00 🔍 sendNotification(user=3, msg=🎉 Ваша заявка #89 успешно создана)
2025-06-01T14:57:48+03:00 ✅ УСПЕХ: user=3, notifId=29
2025-06-01T15:04:16+03:00 🔍 sendNotification(user=9, msg=🎉 Ваша заявка #90 успешно создана)
2025-06-01T15:04:16+03:00 ✅ УСПЕХ: user=9, notifId=30
2025-06-09T12:02:41+03:00 🔍 sendNotification(user=9, msg=🎉 Ваша заявка #91 успешно создана)
2025-06-09T12:02:41+03:00 ✅ УСПЕХ: user=9, notifId=31
2025-06-09T12:07:55+03:00 🔍 sendNotification(user=9, msg=🔄 Ваш заказ #91 обновлён: Товар выгружен)
2025-06-09T12:07:55+03:00 ✅ УСПЕХ: user=9, notifId=32
2025-06-09T12:09:56+03:00 🔍 sendNotification(user=9, msg=Ваш заказ #91 подтверждён: Хасавюрт → Краснодар)
2025-06-09T12:09:56+03:00 ✅ УСПЕХ: user=9, notifId=33
2025-06-09T12:10:00+03:00 🔍 sendNotification(user=9, msg=Ваш заказ #91 подтверждён: Хасавюрт → Краснодар)
2025-06-09T12:10:00+03:00 ✅ УСПЕХ: user=9, notifId=34
2025-06-09T12:10:00+03:00 🔍 sendNotification(user=9, msg=Ваш заказ #91 подтверждён: Хасавюрт → Краснодар)
2025-06-09T12:10:00+03:00 ✅ УСПЕХ: user=9, notifId=35
2025-06-09T12:10:00+03:00 🔍 sendNotification(user=9, msg=Ваш заказ #91 подтверждён: Хасавюрт → Краснодар)
2025-06-09T12:10:00+03:00 ✅ УСПЕХ: user=9, notifId=36
2025-06-09T12:10:00+03:00 🔍 sendNotification(user=9, msg=Ваш заказ #91 подтверждён: Хасавюрт → Краснодар)
2025-06-09T12:10:00+03:00 ✅ УСПЕХ: user=9, notifId=37
2025-06-09T12:13:33+03:00 🔍 sendNotification(user=9, msg=🔄 Ваш заказ #91 обновлён: Готов к обработке)
2025-06-09T12:13:33+03:00 ✅ УСПЕХ: user=9, notifId=38
2025-06-09T12:55:04+03:00 🔍 sendNotification(user=2, msg=🎉 Ваша заявка #92 успешно создана)
2025-06-09T12:55:04+03:00 ✅ УСПЕХ: user=2, notifId=39
2025-06-09T13:02:33+03:00 🔍 sendNotification(user=9, msg=🎉 Ваша заявка #93 успешно создана)
2025-06-09T13:02:33+03:00 ✅ УСПЕХ: user=9, notifId=40
2025-06-09T13:08:02+03:00 🔍 sendNotification(user=2, msg=🎉 Ваша заявка #94 успешно создана)
2025-06-09T13:08:02+03:00 ✅ УСПЕХ: user=2, notifId=41
2025-06-12T17:16:29+03:00 🔍 sendNotification(user=9, msg=🎉 Ваша заявка #95 успешно создана)
2025-06-12T17:16:29+03:00 ✅ УСПЕХ: user=9, notifId=42
2025-06-13T01:41:30+03:00 🔍 sendNotification(user=9, msg=🎉 Ваша заявка #96 успешно создана)
2025-06-13T01:41:30+03:00 ✅ УСПЕХ: user=9, notifId=43
2025-06-23T20:30:18+03:00 🔍 sendNotification(user=9, msg=🎉 Ваша заявка #97 успешно создана)
2025-06-23T20:30:18+03:00 ✅ УСПЕХ: user=9, notifId=44
2025-06-24T21:26:24+03:00 🔍 sendNotification(user=18, msg=🎉 Ваша заявка #98 успешно создана)
2025-06-24T21:26:24+03:00 ✅ УСПЕХ: user=18, notifId=45
2025-06-24T21:26:30+03:00 🔍 sendNotification(user=9, msg=🎉 Ваша заявка #99 успешно создана)
2025-06-24T21:26:30+03:00 ✅ УСПЕХ: user=9, notifId=46
2025-06-26T20:07:35+03:00 🔍 sendNotification(user=9, msg=🎉 Ваша заявка #100 успешно создана)
2025-06-26T20:07:35+03:00 ✅ УСПЕХ: user=9, notifId=47
2025-06-26T20:17:25+03:00 🔍 sendNotification(user=9, msg=🔄 Ваш заказ #100 обновлён: Товар выгружен)
2025-06-26T20:17:25+03:00 ✅ УСПЕХ: user=9, notifId=48
2025-06-26T20:17:28+03:00 🔍 sendNotification(user=9, msg=🔄 Ваш заказ #100 обновлён: Готов к обработке)
2025-06-26T20:17:28+03:00 ✅ УСПЕХ: user=9, notifId=49
2025-06-26T22:26:36+03:00 🔍 sendNotification(user=9, msg=🔄 Ваш заказ #100 обновлён: Выгрузите товар)
2025-06-26T22:26:36+03:00 ✅ УСПЕХ: user=9, notifId=50
2025-06-26T22:26:42+03:00 🔍 sendNotification(user=9, msg=🔄 Ваш заказ #100 обновлён: Товар выгружен)
2025-06-26T22:26:42+03:00 ✅ УСПЕХ: user=9, notifId=51
2025-06-26T22:27:14+03:00 🔍 sendNotification(user=9, msg=🔄 Ваш заказ #100 обновлён: Готов к обработке)
2025-06-26T22:27:14+03:00 ✅ УСПЕХ: user=9, notifId=52
2025-06-28T00:45:30+03:00 🔍 sendNotification(user=9, msg=🎉 Ваша заявка #101 успешно создана)
2025-06-28T00:45:30+03:00 ✅ УСПЕХ: user=9, notifId=53
2025-06-28T14:13:23+03:00 🔍 sendNotification(user=36, msg=🎉 Ваша заявка #102 успешно создана)
2025-06-28T14:13:23+03:00 ✅ УСПЕХ: user=36, notifId=54
2025-06-28T14:20:46+03:00 🔍 sendNotification(user=36, msg=🎉 Ваша заявка #103 успешно создана)
2025-06-28T14:20:46+03:00 ✅ УСПЕХ: user=36, notifId=55
2025-06-28T15:07:18+03:00 🔍 sendNotification(user=9, msg=🎉 Ваша заявка #104 успешно создана)
2025-06-28T15:07:18+03:00 ✅ УСПЕХ: user=9, notifId=56
2025-06-28T16:39:30+03:00 🔍 sendNotification(user=9, msg=🎉 Ваша заявка #105 успешно создана)
2025-06-28T16:39:30+03:00 ✅ УСПЕХ: user=9, notifId=57
2025-06-28T21:55:31+03:00 🔍 sendNotification(user=9, msg=🎉 Ваша заявка #106 успешно создана)
2025-06-28T21:55:31+03:00 ✅ УСПЕХ: user=9, notifId=58
2025-06-30T22:46:37+03:00 🔍 sendNotification(user=9, msg=Ваш заказ #106 подтверждён: Кизляр → Адыгейск)
2025-06-30T22:46:37+03:00 ✅ УСПЕХ: user=9, notifId=59
2025-06-30T23:17:25+03:00 🔍 sendNotification(user=9, msg=🎉 Ваша заявка #107 успешно создана)
2025-06-30T23:17:25+03:00 ✅ УСПЕХ: user=9, notifId=60
2025-07-01T01:01:15+03:00 🔍 sendNotification(user=9, msg=🎉 Ваша заявка #108 успешно создана)
2025-07-01T01:01:15+03:00 ✅ УСПЕХ: user=9, notifId=61
2025-07-02T12:43:48+03:00 🔍 sendNotification(user=2, msg=🎉 Ваша заявка #109 успешно создана)
2025-07-02T12:43:48+03:00 ✅ УСПЕХ: user=2, notifId=62
2025-07-02T13:18:41+03:00 🔍 sendNotification(user=2, msg=🎉 Ваша заявка #110 успешно создана)
2025-07-02T13:18:41+03:00 ✅ УСПЕХ: user=2, notifId=63
2025-07-03T08:21:46+03:00 🔍 sendNotification(user=31, msg=🎉 Ваша заявка #111 успешно создана)
2025-07-03T08:21:46+03:00 ✅ УСПЕХ: user=31, notifId=64
2025-07-05T10:24:40+03:00 🔍 sendNotification(user=45, msg=🎉 Ваша заявка #112 успешно создана)
2025-07-05T10:24:40+03:00 ✅ УСПЕХ: user=45, notifId=65
2025-07-09T21:05:26+03:00 🔍 sendNotification(user=9, msg=🎉 Ваша заявка #113 успешно создана)
2025-07-09T21:05:26+03:00 ✅ УСПЕХ: user=9, notifId=66
2025-07-10T01:47:10+03:00 🔍 sendNotification(user=9, msg=🎉 Ваша заявка #114 успешно создана)
2025-07-10T01:47:10+03:00 ✅ УСПЕХ: user=9, notifId=67
2025-07-11T16:15:50+03:00 🔍 sendNotification(user=53, msg=🎉 Ваша заявка #115 успешно создана)
2025-07-11T16:15:50+03:00 ✅ УСПЕХ: user=53, notifId=68
2025-07-24T22:36:15+03:00 🔍 sendNotification(user=9, msg=🎉 Ваша заявка #116 успешно создана)
2025-07-24T22:36:15+03:00 ✅ УСПЕХ: user=9, notifId=69
2025-07-24T22:40:05+03:00 🔍 sendNotification(user=9, msg=🔄 Ваш заказ #116 обновлён: Товар выгружен)
2025-07-24T22:40:05+03:00 ✅ УСПЕХ: user=9, notifId=70
2025-07-31T02:37:29+03:00 🔍 sendNotification(user=9, msg=🎉 Ваша заявка #117 успешно создана)
2025-07-31T02:37:29+03:00 ✅ УСПЕХ: user=9, notifId=71
2025-07-31T14:08:00+03:00 🔍 sendNotification(user=100, msg=🎉 Ваша заявка #118 успешно создана)
2025-07-31T14:08:00+03:00 ✅ УСПЕХ: user=100, notifId=72
2025-08-01T12:43:53+03:00 🔍 sendNotification(user=97, msg=🎉 Ваша заявка #119 успешно создана)
2025-08-01T12:43:53+03:00 ✅ УСПЕХ: user=97, notifId=73
2025-08-01T14:18:35+03:00 🔍 sendNotification(user=49, msg=🎉 Ваша заявка #120 успешно создана)
2025-08-01T14:18:35+03:00 ✅ УСПЕХ: user=49, notifId=74
2025-08-02T00:04:15+03:00 🔍 sendNotification(user=3, msg=🎉 Ваша заявка #121 успешно создана)
2025-08-02T00:04:15+03:00 ✅ УСПЕХ: user=3, notifId=75
2025-08-02T09:45:44+03:00 🔍 sendNotification(user=36, msg=🎉 Ваша заявка #122 успешно создана)
2025-08-02T09:45:44+03:00 ✅ УСПЕХ: user=36, notifId=76
2025-08-02T09:55:55+03:00 🔍 sendNotification(user=36, msg=🎉 Ваша заявка #123 успешно создана)
2025-08-02T09:55:55+03:00 ✅ УСПЕХ: user=36, notifId=77
2025-08-02T10:02:26+03:00 🔍 sendNotification(user=36, msg=🎉 Ваша заявка #124 успешно создана)
2025-08-02T10:02:26+03:00 ✅ УСПЕХ: user=36, notifId=78
2025-08-03T13:42:39+03:00 🔍 sendNotification(user=119, msg=🎉 Ваша заявка #125 успешно создана)
2025-08-03T13:42:39+03:00 ✅ УСПЕХ: user=119, notifId=79
2025-08-03T13:49:56+03:00 🔍 sendNotification(user=119, msg=🎉 Ваша заявка #126 успешно создана)
2025-08-03T13:49:56+03:00 ✅ УСПЕХ: user=119, notifId=80
2025-08-04T00:42:20+03:00 🔍 sendNotification(user=59, msg=🎉 Ваша заявка #127 успешно создана)
2025-08-04T00:42:20+03:00 ✅ УСПЕХ: user=59, notifId=81
2025-08-04T12:45:02+03:00 🔍 sendNotification(user=41, msg=🎉 Ваша заявка #128 успешно создана)
2025-08-04T12:45:02+03:00 ✅ УСПЕХ: user=41, notifId=82
2025-08-04T13:13:42+03:00 🔍 sendNotification(user=94, msg=🎉 Ваша заявка #129 успешно создана)
2025-08-04T13:13:42+03:00 ✅ УСПЕХ: user=94, notifId=83
2025-08-04T15:28:01+03:00 🔍 sendNotification(user=122, msg=🎉 Ваша заявка #130 успешно создана)
2025-08-04T15:28:01+03:00 ✅ УСПЕХ: user=122, notifId=84
2025-08-04T19:08:42+03:00 🔍 sendNotification(user=9, msg=🎉 Ваша заявка #131 успешно создана)
2025-08-04T19:08:42+03:00 ✅ УСПЕХ: user=9, notifId=85
2025-08-04T19:10:02+03:00 🔍 sendNotification(user=9, msg=🎉 Ваша заявка #132 успешно создана)
2025-08-04T19:10:02+03:00 ✅ УСПЕХ: user=9, notifId=86
2025-08-04T23:35:04+03:00 🔍 sendNotification(user=35, msg=🎉 Ваша заявка #133 успешно создана)
2025-08-04T23:35:04+03:00 ✅ УСПЕХ: user=35, notifId=87
2025-08-05T09:50:07+03:00 🔍 sendNotification(user=36, msg=🎉 Ваша заявка #134 успешно создана)
2025-08-05T09:50:07+03:00 ✅ УСПЕХ: user=36, notifId=88
2025-08-05T09:51:07+03:00 🔍 sendNotification(user=36, msg=🎉 Ваша заявка #135 успешно создана)
2025-08-05T09:51:07+03:00 ✅ УСПЕХ: user=36, notifId=89
2025-08-05T09:53:21+03:00 🔍 sendNotification(user=36, msg=🎉 Ваша заявка #136 успешно создана)
2025-08-05T09:53:21+03:00 ✅ УСПЕХ: user=36, notifId=90
2025-08-05T14:07:59+03:00 🔍 sendNotification(user=95, msg=🎉 Ваша заявка #137 успешно создана)
2025-08-05T14:07:59+03:00 ✅ УСПЕХ: user=95, notifId=91
2025-08-05T14:13:56+03:00 🔍 sendNotification(user=95, msg=🎉 Ваша заявка #138 успешно создана)
2025-08-05T14:13:56+03:00 ✅ УСПЕХ: user=95, notifId=92
2025-08-05T14:29:42+03:00 🔍 sendNotification(user=2, msg=🎉 Ваша заявка #139 успешно создана)
2025-08-05T14:29:42+03:00 ✅ УСПЕХ: user=2, notifId=93
2025-08-05T15:31:01+03:00 🔍 sendNotification(user=127, msg=🎉 Ваша заявка #141 успешно создана)
2025-08-05T15:31:01+03:00 ✅ УСПЕХ: user=127, notifId=95
2025-08-05T15:56:26+03:00 🔍 sendNotification(user=127, msg=🎉 Ваша заявка #142 успешно создана)
2025-08-05T15:56:26+03:00 ✅ УСПЕХ: user=127, notifId=96
2025-08-05T17:37:13+03:00 🔍 sendNotification(user=128, msg=🎉 Ваша заявка #143 успешно создана)
2025-08-05T17:37:13+03:00 ✅ УСПЕХ: user=128, notifId=97
2025-08-05T18:12:06+03:00 🔍 sendNotification(user=128, msg=🎉 Ваша заявка #144 успешно создана)
2025-08-05T18:12:06+03:00 ✅ УСПЕХ: user=128, notifId=98
2025-08-05T18:28:53+03:00 🔍 sendNotification(user=130, msg=🎉 Ваша заявка #145 успешно создана)
2025-08-05T18:28:53+03:00 ✅ УСПЕХ: user=130, notifId=99
2025-08-06T08:56:17+03:00 🔍 sendNotification(user=59, msg=🎉 Ваша заявка #146 успешно создана)
2025-08-06T08:56:17+03:00 ✅ УСПЕХ: user=59, notifId=100
2025-08-06T13:35:03+03:00 🔍 sendNotification(user=58, msg=🎉 Ваша заявка #147 успешно создана)
2025-08-06T13:35:03+03:00 ✅ УСПЕХ: user=58, notifId=101
2025-08-06T13:38:35+03:00 🔍 sendNotification(user=58, msg=🎉 Ваша заявка #148 успешно создана)
2025-08-06T13:38:35+03:00 ✅ УСПЕХ: user=58, notifId=102
2025-08-06T14:58:52+03:00 🔍 sendNotification(user=130, msg=🎉 Ваша заявка #149 успешно создана)
2025-08-06T14:58:52+03:00 ✅ УСПЕХ: user=130, notifId=103
2025-08-06T15:18:42+03:00 🔍 sendNotification(user=120, msg=🎉 Ваша заявка #150 успешно создана)
2025-08-06T15:18:42+03:00 ✅ УСПЕХ: user=120, notifId=104
2025-08-06T16:07:21+03:00 🔍 sendNotification(user=102, msg=🎉 Ваша заявка #151 успешно создана)
2025-08-06T16:07:21+03:00 ✅ УСПЕХ: user=102, notifId=105
2025-08-06T17:00:42+03:00 🔍 sendNotification(user=79, msg=🎉 Ваша заявка #152 успешно создана)
2025-08-06T17:00:42+03:00 ✅ УСПЕХ: user=79, notifId=106
2025-08-06T19:19:34+03:00 🔍 sendNotification(user=103, msg=🎉 Ваша заявка #153 успешно создана)
2025-08-06T19:19:34+03:00 ✅ УСПЕХ: user=103, notifId=107
2025-08-07T09:46:57+03:00 🔍 sendNotification(user=36, msg=🎉 Ваша заявка #154 успешно создана)
2025-08-07T09:46:57+03:00 ✅ УСПЕХ: user=36, notifId=108
2025-08-07T10:51:33+03:00 🔍 sendNotification(user=59, msg=🎉 Ваша заявка #155 успешно создана)
2025-08-07T10:51:33+03:00 ✅ УСПЕХ: user=59, notifId=109
2025-08-08T09:43:17+03:00 🔍 sendNotification(user=138, msg=🎉 Ваша заявка #160 успешно создана)
2025-08-08T09:43:17+03:00 ✅ УСПЕХ: user=138, notifId=114
2025-08-08T11:28:29+03:00 🔍 sendNotification(user=143, msg=🎉 Ваша заявка #161 успешно создана)
2025-08-08T11:28:29+03:00 ✅ УСПЕХ: user=143, notifId=115
2025-08-08T13:55:33+03:00 🔍 sendNotification(user=144, msg=🎉 Ваша заявка #162 успешно создана)
2025-08-08T13:55:33+03:00 ✅ УСПЕХ: user=144, notifId=116
2025-08-08T16:01:44+03:00 🔍 sendNotification(user=128, msg=🎉 Ваша заявка #163 успешно создана)
2025-08-08T16:01:44+03:00 ✅ УСПЕХ: user=128, notifId=117
2025-08-08T20:30:25+03:00 🔍 sendNotification(user=36, msg=🎉 Ваша заявка #164 успешно создана)
2025-08-08T20:30:25+03:00 ✅ УСПЕХ: user=36, notifId=118
2025-08-08T20:40:24+03:00 🔍 sendNotification(user=36, msg=🎉 Ваша заявка #165 успешно создана)
2025-08-08T20:40:24+03:00 ✅ УСПЕХ: user=36, notifId=119
2025-08-08T20:49:06+03:00 🔍 sendNotification(user=36, msg=🎉 Ваша заявка #166 успешно создана)
2025-08-08T20:49:06+03:00 ✅ УСПЕХ: user=36, notifId=120
2025-08-09T09:52:57+03:00 🔍 sendNotification(user=148, msg=🎉 Ваша заявка #167 успешно создана)
2025-08-09T09:52:57+03:00 ✅ УСПЕХ: user=148, notifId=121
2025-08-09T16:51:42+03:00 🔍 sendNotification(user=121, msg=🎉 Ваша заявка #168 успешно создана)
2025-08-09T16:51:42+03:00 ✅ УСПЕХ: user=121, notifId=122
2025-08-09T20:44:48+03:00 🔍 sendNotification(user=137, msg=🎉 Ваша заявка #169 успешно создана)
2025-08-09T20:44:48+03:00 ✅ УСПЕХ: user=137, notifId=123
2025-08-10T12:53:56+03:00 🔍 sendNotification(user=36, msg=🎉 Ваша заявка #170 успешно создана)
2025-08-10T12:53:56+03:00 ✅ УСПЕХ: user=36, notifId=124
2025-08-10T19:23:39+03:00 🔍 sendNotification(user=153, msg=🎉 Ваша заявка #171 успешно создана)
2025-08-10T19:23:39+03:00 ✅ УСПЕХ: user=153, notifId=125
2025-08-10T19:24:39+03:00 🔍 sendNotification(user=153, msg=🎉 Ваша заявка #172 успешно создана)
2025-08-10T19:24:39+03:00 ✅ УСПЕХ: user=153, notifId=126
2025-08-11T02:02:25+03:00 🔍 sendNotification(user=157, msg=🎉 Ваша заявка #173 успешно создана)
2025-08-11T02:02:25+03:00 ✅ УСПЕХ: user=157, notifId=127
2025-08-11T02:18:20+03:00 🔍 sendNotification(user=157, msg=🎉 Ваша заявка #174 успешно создана)
2025-08-11T02:18:20+03:00 ✅ УСПЕХ: user=157, notifId=128
2025-08-11T11:15:36+03:00 🔍 sendNotification(user=159, msg=🎉 Ваша заявка #175 успешно создана)
2025-08-11T11:15:36+03:00 ✅ УСПЕХ: user=159, notifId=129
2025-08-11T14:11:39+03:00 🔍 sendNotification(user=21, msg=🎉 Ваша заявка #176 успешно создана)
2025-08-11T14:11:39+03:00 ✅ УСПЕХ: user=21, notifId=130
2025-08-11T23:41:44+03:00 🔍 sendNotification(user=162, msg=🎉 Ваша заявка #177 успешно создана)
2025-08-11T23:41:44+03:00 ✅ УСПЕХ: user=162, notifId=131
2025-08-12T08:28:05+03:00 🔍 sendNotification(user=4, msg=🎉 Ваша заявка #178 успешно создана)
2025-08-12T08:28:05+03:00 ✅ УСПЕХ: user=4, notifId=132
2025-08-12T11:11:08+03:00 🔍 sendNotification(user=96, msg=🎉 Ваша заявка #179 успешно создана)
2025-08-12T11:11:08+03:00 ✅ УСПЕХ: user=96, notifId=133
2025-08-12T14:48:35+03:00 🔍 sendNotification(user=132, msg=🎉 Ваша заявка #180 успешно создана)
2025-08-12T14:48:35+03:00 ✅ УСПЕХ: user=132, notifId=134
2025-08-12T16:08:54+03:00 🔍 sendNotification(user=165, msg=🎉 Ваша заявка #181 успешно создана)
2025-08-12T16:08:54+03:00 ✅ УСПЕХ: user=165, notifId=135
2025-08-12T16:10:42+03:00 🔍 sendNotification(user=121, msg=🎉 Ваша заявка #182 успешно создана)
2025-08-12T16:10:42+03:00 ✅ УСПЕХ: user=121, notifId=136
2025-08-12T17:03:51+03:00 🔍 sendNotification(user=120, msg=🎉 Ваша заявка #183 успешно создана)
2025-08-12T17:03:51+03:00 ✅ УСПЕХ: user=120, notifId=137
2025-08-12T20:28:42+03:00 🔍 sendNotification(user=36, msg=🎉 Ваша заявка #184 успешно создана)
2025-08-12T20:28:42+03:00 ✅ УСПЕХ: user=36, notifId=138
2025-08-13T09:58:30+03:00 🔍 sendNotification(user=4, msg=🎉 Ваша заявка #185 успешно создана)
2025-08-13T09:58:30+03:00 ✅ УСПЕХ: user=4, notifId=139
2025-08-13T13:14:21+03:00 🔍 sendNotification(user=59, msg=🎉 Ваша заявка #186 успешно создана)
2025-08-13T13:14:21+03:00 ✅ УСПЕХ: user=59, notifId=140
2025-08-13T16:42:06+03:00 🔍 sendNotification(user=121, msg=🎉 Ваша заявка #187 успешно создана)
2025-08-13T16:42:06+03:00 ✅ УСПЕХ: user=121, notifId=141
2025-08-13T17:13:25+03:00 🔍 sendNotification(user=161, msg=🎉 Ваша заявка #188 успешно создана)
2025-08-13T17:13:25+03:00 ✅ УСПЕХ: user=161, notifId=142
2025-08-13T19:35:14+03:00 🔍 sendNotification(user=9, msg=🎉 Ваша заявка #189 успешно создана)
2025-08-13T19:35:14+03:00 ✅ УСПЕХ: user=9, notifId=143
2025-08-13T21:13:55+03:00 🔍 sendNotification(user=166, msg=🎉 Ваша заявка #190 успешно создана)
2025-08-13T21:13:55+03:00 ✅ УСПЕХ: user=166, notifId=144
2025-08-14T09:41:58+03:00 🔍 sendNotification(user=166, msg=🎉 Ваша заявка #191 успешно создана)
2025-08-14T09:41:58+03:00 ✅ УСПЕХ: user=166, notifId=145
2025-08-14T13:59:14+03:00 🔍 sendNotification(user=47, msg=🎉 Ваша заявка #192 успешно создана)
2025-08-14T13:59:14+03:00 ✅ УСПЕХ: user=47, notifId=146
2025-08-14T14:02:48+03:00 🔍 sendNotification(user=47, msg=🎉 Ваша заявка #193 успешно создана)
2025-08-14T14:02:48+03:00 ✅ УСПЕХ: user=47, notifId=147
2025-08-14T14:35:49+03:00 🔍 sendNotification(user=168, msg=🎉 Ваша заявка #194 успешно создана)
2025-08-14T14:35:49+03:00 ✅ УСПЕХ: user=168, notifId=148
2025-08-14T14:36:30+03:00 🔍 sendNotification(user=133, msg=🎉 Ваша заявка #195 успешно создана)
2025-08-14T14:36:30+03:00 ✅ УСПЕХ: user=133, notifId=149
2025-08-14T14:38:11+03:00 🔍 sendNotification(user=168, msg=🎉 Ваша заявка #196 успешно создана)
2025-08-14T14:38:11+03:00 ✅ УСПЕХ: user=168, notifId=150
2025-08-15T06:14:25+03:00 🔍 sendNotification(user=1, msg=🎉 Ваша заявка #197 успешно создана)
2025-08-15T06:14:25+03:00 ✅ УСПЕХ: user=1, notifId=151
2025-08-15T09:26:16+03:00 🔍 sendNotification(user=4, msg=🎉 Ваша заявка #198 успешно создана)
2025-08-15T09:26:16+03:00 ✅ УСПЕХ: user=4, notifId=152
2025-08-15T09:27:22+03:00 🔍 sendNotification(user=4, msg=🎉 Ваша заявка #199 успешно создана)
2025-08-15T09:27:22+03:00 ✅ УСПЕХ: user=4, notifId=153
2025-08-15T14:18:20+03:00 🔍 sendNotification(user=53, msg=🎉 Ваша заявка #200 успешно создана)
2025-08-15T14:18:20+03:00 ✅ УСПЕХ: user=53, notifId=154
2025-08-15T16:42:31+03:00 🔍 sendNotification(user=96, msg=🎉 Ваша заявка #201 успешно создана)
2025-08-15T16:42:31+03:00 ✅ УСПЕХ: user=96, notifId=155
2025-08-16T14:00:31+03:00 🔍 sendNotification(user=176, msg=🎉 Ваша заявка #202 успешно создана)
2025-08-16T14:00:31+03:00 ✅ УСПЕХ: user=176, notifId=156
2025-08-16T16:15:35+03:00 🔍 sendNotification(user=53, msg=🎉 Ваша заявка #203 успешно создана)
2025-08-16T16:15:35+03:00 ✅ УСПЕХ: user=53, notifId=157
2025-08-17T09:06:10+03:00 🔍 sendNotification(user=36, msg=🎉 Ваша заявка #204 успешно создана)
2025-08-17T09:06:10+03:00 ✅ УСПЕХ: user=36, notifId=158
2025-08-17T09:08:45+03:00 🔍 sendNotification(user=36, msg=🎉 Ваша заявка #205 успешно создана)
2025-08-17T09:08:45+03:00 ✅ УСПЕХ: user=36, notifId=159
2025-08-17T09:09:57+03:00 🔍 sendNotification(user=36, msg=🎉 Ваша заявка #206 успешно создана)
2025-08-17T09:09:57+03:00 ✅ УСПЕХ: user=36, notifId=160
2025-08-17T09:11:13+03:00 🔍 sendNotification(user=36, msg=🎉 Ваша заявка #207 успешно создана)
2025-08-17T09:11:13+03:00 ✅ УСПЕХ: user=36, notifId=161
2025-08-17T09:13:11+03:00 🔍 sendNotification(user=36, msg=🎉 Ваша заявка #208 успешно создана)
2025-08-17T09:13:11+03:00 ✅ УСПЕХ: user=36, notifId=162
2025-08-17T09:14:04+03:00 🔍 sendNotification(user=36, msg=🎉 Ваша заявка #209 успешно создана)
2025-08-17T09:14:04+03:00 ✅ УСПЕХ: user=36, notifId=163
2025-08-17T16:39:04+03:00 🔍 sendNotification(user=137, msg=🎉 Ваша заявка #210 успешно создана)
2025-08-17T16:39:04+03:00 ✅ УСПЕХ: user=137, notifId=164
2025-08-17T17:37:17+03:00 🔍 sendNotification(user=69, msg=🎉 Ваша заявка #211 успешно создана)
2025-08-17T17:37:17+03:00 ✅ УСПЕХ: user=69, notifId=165
2025-08-17T17:45:35+03:00 🔍 sendNotification(user=69, msg=🎉 Ваша заявка #212 успешно создана)
2025-08-17T17:45:35+03:00 ✅ УСПЕХ: user=69, notifId=166
2025-08-17T22:02:32+03:00 🔍 sendNotification(user=1, msg=🎉 Ваша заявка #213 успешно создана)
2025-08-17T22:02:32+03:00 ✅ УСПЕХ: user=1, notifId=167
2025-08-18T03:10:12+03:00 🔍 sendNotification(user=1, msg=🎉 Ваша заявка #214 успешно создана)
2025-08-18T03:10:12+03:00 ✅ УСПЕХ: user=1, notifId=168
2025-08-24T14:12:46+03:00 🔍 sendNotification(user=3, msg=🔄 Ваш заказ #353 обновлён: Товар выгружен)
2025-08-24T14:12:46+03:00 ✅ УСПЕХ: user=3, notifId=169
2025-08-24T14:12:53+03:00 🔍 sendNotification(user=3, msg=🔄 Ваш заказ #353 обновлён: Выгрузите товар)
2025-08-24T14:12:53+03:00 ✅ УСПЕХ: user=3, notifId=170
